生成启动时间为 2017/3/5 0:33:37。
     1>项目“E:\Visual Studio 2013\projects\学生成绩管理系统\学生成绩管理系统\学生成绩管理系统.vcxproj”在节点 2 上(Build 个目标)。
     1>ClCompile:
         D:\Microsoft Visual Studio 12.0\VC\bin\CL.exe /c /ZI /nologo /W3 /WX- /Od /Oy- /D WIN32 /D _DEBUG /D _CONSOLE /D _LIB /D _UNICODE /D UNICODE /Gm /EHsc /RTC1 /MDd /GS /fp:precise /Zc:wchar_t /Zc:forScope /Fo"Debug\\" /Fd"Debug\vc120.pdb" /Gd /TP /analyze- /errorReport:prompt "源.cpp"
         源.cpp
     1>e:\visual studio 2013\projects\学生成绩管理系统\学生成绩管理系统\源.cpp(23): warning C4996: 'scanf': This function or variable may be unsafe. Consider using scanf_s instead. To disable deprecation, use _CRT_SECURE_NO_WARNINGS. See online help for details.
                 d:\microsoft visual studio 12.0\vc\include\stdio.h(283) : 参见“scanf”的声明
     1>e:\visual studio 2013\projects\学生成绩管理系统\学生成绩管理系统\源.cpp(35): warning C4996: 'scanf': This function or variable may be unsafe. Consider using scanf_s instead. To disable deprecation, use _CRT_SECURE_NO_WARNINGS. See online help for details.
                 d:\microsoft visual studio 12.0\vc\include\stdio.h(283) : 参见“scanf”的声明
     1>e:\visual studio 2013\projects\学生成绩管理系统\学生成绩管理系统\源.cpp(37): warning C4996: 'scanf': This function or variable may be unsafe. Consider using scanf_s instead. To disable deprecation, use _CRT_SECURE_NO_WARNINGS. See online help for details.
                 d:\microsoft visual studio 12.0\vc\include\stdio.h(283) : 参见“scanf”的声明
     1>e:\visual studio 2013\projects\学生成绩管理系统\学生成绩管理系统\源.cpp(39): warning C4996: 'scanf': This function or variable may be unsafe. Consider using scanf_s instead. To disable deprecation, use _CRT_SECURE_NO_WARNINGS. See online help for details.
                 d:\microsoft visual studio 12.0\vc\include\stdio.h(283) : 参见“scanf”的声明
     1>e:\visual studio 2013\projects\学生成绩管理系统\学生成绩管理系统\源.cpp(41): warning C4996: 'scanf': This function or variable may be unsafe. Consider using scanf_s instead. To disable deprecation, use _CRT_SECURE_NO_WARNINGS. See online help for details.
                 d:\microsoft visual studio 12.0\vc\include\stdio.h(283) : 参见“scanf”的声明
     1>e:\visual studio 2013\projects\学生成绩管理系统\学生成绩管理系统\源.cpp(43): warning C4996: 'scanf': This function or variable may be unsafe. Consider using scanf_s instead. To disable deprecation, use _CRT_SECURE_NO_WARNINGS. See online help for details.
                 d:\microsoft visual studio 12.0\vc\include\stdio.h(283) : 参见“scanf”的声明
     1>e:\visual studio 2013\projects\学生成绩管理系统\学生成绩管理系统\源.cpp(45): warning C4996: 'scanf': This function or variable may be unsafe. Consider using scanf_s instead. To disable deprecation, use _CRT_SECURE_NO_WARNINGS. See online help for details.
                 d:\microsoft visual studio 12.0\vc\include\stdio.h(283) : 参见“scanf”的声明
     1>e:\visual studio 2013\projects\学生成绩管理系统\学生成绩管理系统\源.cpp(47): warning C4996: 'scanf': This function or variable may be unsafe. Consider using scanf_s instead. To disable deprecation, use _CRT_SECURE_NO_WARNINGS. See online help for details.
                 d:\microsoft visual studio 12.0\vc\include\stdio.h(283) : 参见“scanf”的声明
     1>e:\visual studio 2013\projects\学生成绩管理系统\学生成绩管理系统\源.cpp(49): warning C4996: 'scanf': This function or variable may be unsafe. Consider using scanf_s instead. To disable deprecation, use _CRT_SECURE_NO_WARNINGS. See online help for details.
                 d:\microsoft visual studio 12.0\vc\include\stdio.h(283) : 参见“scanf”的声明
     1>e:\visual studio 2013\projects\学生成绩管理系统\学生成绩管理系统\源.cpp(51): warning C4996: 'scanf': This function or variable may be unsafe. Consider using scanf_s instead. To disable deprecation, use _CRT_SECURE_NO_WARNINGS. See online help for details.
                 d:\microsoft visual studio 12.0\vc\include\stdio.h(283) : 参见“scanf”的声明
     1>e:\visual studio 2013\projects\学生成绩管理系统\学生成绩管理系统\源.cpp(53): warning C4996: 'scanf': This function or variable may be unsafe. Consider using scanf_s instead. To disable deprecation, use _CRT_SECURE_NO_WARNINGS. See online help for details.
                 d:\microsoft visual studio 12.0\vc\include\stdio.h(283) : 参见“scanf”的声明
     1>e:\visual studio 2013\projects\学生成绩管理系统\学生成绩管理系统\源.cpp(55): warning C4244: “=”: 从“double”转换到“float”，可能丢失数据
     1>e:\visual studio 2013\projects\学生成绩管理系统\学生成绩管理系统\源.cpp(70): warning C4996: 'scanf': This function or variable may be unsafe. Consider using scanf_s instead. To disable deprecation, use _CRT_SECURE_NO_WARNINGS. See online help for details.
                 d:\microsoft visual studio 12.0\vc\include\stdio.h(283) : 参见“scanf”的声明
     1>e:\visual studio 2013\projects\学生成绩管理系统\学生成绩管理系统\源.cpp(76): warning C4996: 'scanf': This function or variable may be unsafe. Consider using scanf_s instead. To disable deprecation, use _CRT_SECURE_NO_WARNINGS. See online help for details.
                 d:\microsoft visual studio 12.0\vc\include\stdio.h(283) : 参见“scanf”的声明
     1>e:\visual studio 2013\projects\学生成绩管理系统\学生成绩管理系统\源.cpp(92): warning C4996: 'scanf': This function or variable may be unsafe. Consider using scanf_s instead. To disable deprecation, use _CRT_SECURE_NO_WARNINGS. See online help for details.
                 d:\microsoft visual studio 12.0\vc\include\stdio.h(283) : 参见“scanf”的声明
     1>e:\visual studio 2013\projects\学生成绩管理系统\学生成绩管理系统\源.cpp(113): warning C4996: 'scanf': This function or variable may be unsafe. Consider using scanf_s instead. To disable deprecation, use _CRT_SECURE_NO_WARNINGS. See online help for details.
                 d:\microsoft visual studio 12.0\vc\include\stdio.h(283) : 参见“scanf”的声明
     1>e:\visual studio 2013\projects\学生成绩管理系统\学生成绩管理系统\源.cpp(120): warning C4996: 'scanf': This function or variable may be unsafe. Consider using scanf_s instead. To disable deprecation, use _CRT_SECURE_NO_WARNINGS. See online help for details.
                 d:\microsoft visual studio 12.0\vc\include\stdio.h(283) : 参见“scanf”的声明
     1>e:\visual studio 2013\projects\学生成绩管理系统\学生成绩管理系统\源.cpp(122): warning C4996: 'scanf': This function or variable may be unsafe. Consider using scanf_s instead. To disable deprecation, use _CRT_SECURE_NO_WARNINGS. See online help for details.
                 d:\microsoft visual studio 12.0\vc\include\stdio.h(283) : 参见“scanf”的声明
     1>e:\visual studio 2013\projects\学生成绩管理系统\学生成绩管理系统\源.cpp(124): warning C4996: 'scanf': This function or variable may be unsafe. Consider using scanf_s instead. To disable deprecation, use _CRT_SECURE_NO_WARNINGS. See online help for details.
                 d:\microsoft visual studio 12.0\vc\include\stdio.h(283) : 参见“scanf”的声明
     1>e:\visual studio 2013\projects\学生成绩管理系统\学生成绩管理系统\源.cpp(126): warning C4996: 'scanf': This function or variable may be unsafe. Consider using scanf_s instead. To disable deprecation, use _CRT_SECURE_NO_WARNINGS. See online help for details.
                 d:\microsoft visual studio 12.0\vc\include\stdio.h(283) : 参见“scanf”的声明
     1>e:\visual studio 2013\projects\学生成绩管理系统\学生成绩管理系统\源.cpp(128): warning C4996: 'scanf': This function or variable may be unsafe. Consider using scanf_s instead. To disable deprecation, use _CRT_SECURE_NO_WARNINGS. See online help for details.
                 d:\microsoft visual studio 12.0\vc\include\stdio.h(283) : 参见“scanf”的声明
     1>e:\visual studio 2013\projects\学生成绩管理系统\学生成绩管理系统\源.cpp(130): warning C4996: 'scanf': This function or variable may be unsafe. Consider using scanf_s instead. To disable deprecation, use _CRT_SECURE_NO_WARNINGS. See online help for details.
                 d:\microsoft visual studio 12.0\vc\include\stdio.h(283) : 参见“scanf”的声明
     1>e:\visual studio 2013\projects\学生成绩管理系统\学生成绩管理系统\源.cpp(132): warning C4996: 'scanf': This function or variable may be unsafe. Consider using scanf_s instead. To disable deprecation, use _CRT_SECURE_NO_WARNINGS. See online help for details.
                 d:\microsoft visual studio 12.0\vc\include\stdio.h(283) : 参见“scanf”的声明
     1>e:\visual studio 2013\projects\学生成绩管理系统\学生成绩管理系统\源.cpp(134): warning C4996: 'scanf': This function or variable may be unsafe. Consider using scanf_s instead. To disable deprecation, use _CRT_SECURE_NO_WARNINGS. See online help for details.
                 d:\microsoft visual studio 12.0\vc\include\stdio.h(283) : 参见“scanf”的声明
     1>e:\visual studio 2013\projects\学生成绩管理系统\学生成绩管理系统\源.cpp(136): warning C4996: 'scanf': This function or variable may be unsafe. Consider using scanf_s instead. To disable deprecation, use _CRT_SECURE_NO_WARNINGS. See online help for details.
                 d:\microsoft visual studio 12.0\vc\include\stdio.h(283) : 参见“scanf”的声明
     1>e:\visual studio 2013\projects\学生成绩管理系统\学生成绩管理系统\源.cpp(138): warning C4996: 'scanf': This function or variable may be unsafe. Consider using scanf_s instead. To disable deprecation, use _CRT_SECURE_NO_WARNINGS. See online help for details.
                 d:\microsoft visual studio 12.0\vc\include\stdio.h(283) : 参见“scanf”的声明
     1>e:\visual studio 2013\projects\学生成绩管理系统\学生成绩管理系统\源.cpp(139): warning C4244: “=”: 从“double”转换到“float”，可能丢失数据
     1>e:\visual studio 2013\projects\学生成绩管理系统\学生成绩管理系统\源.cpp(157): warning C4996: 'scanf': This function or variable may be unsafe. Consider using scanf_s instead. To disable deprecation, use _CRT_SECURE_NO_WARNINGS. See online help for details.
                 d:\microsoft visual studio 12.0\vc\include\stdio.h(283) : 参见“scanf”的声明
     1>e:\visual studio 2013\projects\学生成绩管理系统\学生成绩管理系统\源.cpp(159): warning C4996: 'scanf': This function or variable may be unsafe. Consider using scanf_s instead. To disable deprecation, use _CRT_SECURE_NO_WARNINGS. See online help for details.
                 d:\microsoft visual studio 12.0\vc\include\stdio.h(283) : 参见“scanf”的声明
     1>e:\visual studio 2013\projects\学生成绩管理系统\学生成绩管理系统\源.cpp(161): warning C4996: 'scanf': This function or variable may be unsafe. Consider using scanf_s instead. To disable deprecation, use _CRT_SECURE_NO_WARNINGS. See online help for details.
                 d:\microsoft visual studio 12.0\vc\include\stdio.h(283) : 参见“scanf”的声明
     1>e:\visual studio 2013\projects\学生成绩管理系统\学生成绩管理系统\源.cpp(163): warning C4996: 'scanf': This function or variable may be unsafe. Consider using scanf_s instead. To disable deprecation, use _CRT_SECURE_NO_WARNINGS. See online help for details.
                 d:\microsoft visual studio 12.0\vc\include\stdio.h(283) : 参见“scanf”的声明
     1>e:\visual studio 2013\projects\学生成绩管理系统\学生成绩管理系统\源.cpp(165): warning C4996: 'scanf': This function or variable may be unsafe. Consider using scanf_s instead. To disable deprecation, use _CRT_SECURE_NO_WARNINGS. See online help for details.
                 d:\microsoft visual studio 12.0\vc\include\stdio.h(283) : 参见“scanf”的声明
     1>e:\visual studio 2013\projects\学生成绩管理系统\学生成绩管理系统\源.cpp(167): warning C4996: 'scanf': This function or variable may be unsafe. Consider using scanf_s instead. To disable deprecation, use _CRT_SECURE_NO_WARNINGS. See online help for details.
                 d:\microsoft visual studio 12.0\vc\include\stdio.h(283) : 参见“scanf”的声明
     1>e:\visual studio 2013\projects\学生成绩管理系统\学生成绩管理系统\源.cpp(169): warning C4996: 'scanf': This function or variable may be unsafe. Consider using scanf_s instead. To disable deprecation, use _CRT_SECURE_NO_WARNINGS. See online help for details.
                 d:\microsoft visual studio 12.0\vc\include\stdio.h(283) : 参见“scanf”的声明
     1>e:\visual studio 2013\projects\学生成绩管理系统\学生成绩管理系统\源.cpp(171): warning C4996: 'scanf': This function or variable may be unsafe. Consider using scanf_s instead. To disable deprecation, use _CRT_SECURE_NO_WARNINGS. See online help for details.
                 d:\microsoft visual studio 12.0\vc\include\stdio.h(283) : 参见“scanf”的声明
     1>e:\visual studio 2013\projects\学生成绩管理系统\学生成绩管理系统\源.cpp(173): warning C4996: 'scanf': This function or variable may be unsafe. Consider using scanf_s instead. To disable deprecation, use _CRT_SECURE_NO_WARNINGS. See online help for details.
                 d:\microsoft visual studio 12.0\vc\include\stdio.h(283) : 参见“scanf”的声明
     1>e:\visual studio 2013\projects\学生成绩管理系统\学生成绩管理系统\源.cpp(175): warning C4996: 'scanf': This function or variable may be unsafe. Consider using scanf_s instead. To disable deprecation, use _CRT_SECURE_NO_WARNINGS. See online help for details.
                 d:\microsoft visual studio 12.0\vc\include\stdio.h(283) : 参见“scanf”的声明
     1>e:\visual studio 2013\projects\学生成绩管理系统\学生成绩管理系统\源.cpp(176): warning C4244: “=”: 从“double”转换到“float”，可能丢失数据
     1>e:\visual studio 2013\projects\学生成绩管理系统\学生成绩管理系统\源.cpp(186): warning C4996: 'scanf': This function or variable may be unsafe. Consider using scanf_s instead. To disable deprecation, use _CRT_SECURE_NO_WARNINGS. See online help for details.
                 d:\microsoft visual studio 12.0\vc\include\stdio.h(283) : 参见“scanf”的声明
     1>e:\visual studio 2013\projects\学生成绩管理系统\学生成绩管理系统\源.cpp(218): warning C4996: 'scanf': This function or variable may be unsafe. Consider using scanf_s instead. To disable deprecation, use _CRT_SECURE_NO_WARNINGS. See online help for details.
                 d:\microsoft visual studio 12.0\vc\include\stdio.h(283) : 参见“scanf”的声明
       Link:
         D:\Microsoft Visual Studio 12.0\VC\bin\link.exe /ERRORREPORT:PROMPT /OUT:"E:\Visual Studio 2013\projects\学生成绩管理系统\Debug\学生成绩管理系统.exe" /INCREMENTAL /NOLOGO kernel32.lib user32.lib gdi32.lib winspool.lib comdlg32.lib advapi32.lib shell32.lib ole32.lib oleaut32.lib uuid.lib odbc32.lib odbccp32.lib /MANIFEST /MANIFESTUAC:"level='asInvoker' uiAccess='false'" /manifest:embed /DEBUG /PDB:"E:\Visual Studio 2013\projects\学生成绩管理系统\Debug\学生成绩管理系统.pdb" /SUBSYSTEM:CONSOLE /TLBID:1 /DYNAMICBASE /NXCOMPAT /IMPLIB:"E:\Visual Studio 2013\projects\学生成绩管理系统\Debug\学生成绩管理系统.lib" /MACHINE:X86 "Debug\源.obj"
         学生成绩管理系统.vcxproj -> E:\Visual Studio 2013\projects\学生成绩管理系统\Debug\学生成绩管理系统.exe
     1>已完成生成项目“E:\Visual Studio 2013\projects\学生成绩管理系统\学生成绩管理系统\学生成绩管理系统.vcxproj”(Build 个目标)的操作。

生成成功。

已用时间 00:00:02.43
